<?xml version="1.0" encoding="UTF-8"?>
<!-- Generated by org.testng.reporters.JUnitReportReporter -->
<testsuite hostname="DESKTOP-OFL8S08" failures="0" tests="3" name="laundryhero.testcases.ViewConsumerTransactions" time="62.669" errors="0" timestamp="2023-06-14T18:55:33 PKT" skipped="0">
  <testcase classname="laundryhero.testcases.ViewConsumerTransactions" name="viewConsumerTransactionsRandomDays" time="21.870"/>
  <system-out/>
  <testcase classname="laundryhero.testcases.ViewConsumerTransactions" name="viewConsumerTransactionsThisWeek" time="23.477"/>
  <system-out/>
  <testcase classname="laundryhero.testcases.ViewConsumerTransactions" name="viewConsumerTransactionsThisMonth" time="17.322"/>
  <system-out/>
</testsuite> <!-- laundryhero.testcases.ViewConsumerTransactions -->
