<?xml version="1.0" encoding="UTF-8"?>
<!-- Generated by org.testng.reporters.JUnitReportReporter -->
<testsuite hostname="DESKTOP-OFL8S08" failures="0" tests="2" name="laundryhero.testcases.consumerProfile" time="62.316" errors="0" timestamp="2023-06-14T18:55:33 PKT" skipped="0">
  <testcase classname="laundryhero.testcases.consumerProfile" name="updateConsumerProfile" time="36.458"/>
  <system-out/>
  <testcase classname="laundryhero.testcases.consumerProfile" name="updateConsumerPassword" time="25.858"/>
  <system-out/>
</testsuite> <!-- laundryhero.testcases.consumerProfile -->
