<?xml version="1.0" encoding="UTF-8"?>
<!-- Generated by org.testng.reporters.JUnitReportReporter -->
<testsuite hostname="DESKTOP-OFL8S08" failures="0" tests="1" name="laundryhero.testcases.shareInvitestoFriends" time="49.417" errors="0" timestamp="2023-06-14T18:55:33 PKT" skipped="0">
  <testcase classname="laundryhero.testcases.shareInvitestoFriends" name="openAllInviteLinks" time="49.417"/>
  <system-out/>
</testsuite> <!-- laundryhero.testcases.shareInvitestoFriends -->
