<?xml version="1.0" encoding="UTF-8"?>
<!-- Generated by org.testng.reporters.JUnitReportReporter -->
<testsuite hostname="DESKTOP-OFL8S08" failures="0" tests="1" name="laundryhero.consumerTestcases.ConsumerRegisterAsHero" time="99.762" errors="0" timestamp="2023-07-01T16:38:47 PKT" skipped="0">
  <testcase classname="laundryhero.consumerTestcases.ConsumerRegisterAsHero" name="switchToHero" time="99.762"/>
  <system-out/>
</testsuite> <!-- laundryhero.consumerTestcases.ConsumerRegisterAsHero -->
