<?xml version="1.0" encoding="UTF-8"?>
<!-- Generated by org.testng.reporters.JUnitReportReporter -->
<testsuite hostname="DESKTOP-OFL8S08" failures="0" tests="1" name="laundryhero.testcases.Forgot_or_Reset_Password" time="17.382" errors="0" timestamp="2023-06-14T18:55:33 PKT" skipped="0">
  <testcase classname="laundryhero.testcases.Forgot_or_Reset_Password" name="forgotPassword" time="17.382"/>
  <system-out/>
</testsuite> <!-- laundryhero.testcases.Forgot_or_Reset_Password -->
