<?xml version="1.0" encoding="UTF-8"?>
<!-- Generated by org.testng.reporters.JUnitReportReporter -->
<testsuite hostname="DESKTOP-OFL8S08" failures="0" tests="1" name="laundryhero.HeroTestcases.LoginApplication" time="20.824" errors="0" timestamp="2023-06-15T13:48:33 PKT" skipped="0">
  <testcase classname="laundryhero.HeroTestcases.LoginApplication" name="loginAsHeroUsingInvalidCreds" time="20.824"/>
  <system-out/>
</testsuite> <!-- laundryhero.HeroTestcases.LoginApplication -->
