<?xml version="1.0" encoding="UTF-8"?>
<!-- Generated by org.testng.reporters.JUnitReportReporter -->
<testsuite hostname="DESKTOP-OFL8S08" failures="0" tests="1" name="laundryhero.testcases.appShareLinks" time="51.397" errors="0" timestamp="2023-06-12T15:17:03 PKT" skipped="0">
  <testcase classname="laundryhero.testcases.appShareLinks" name="openAllInviteLinks" time="51.397"/>
  <system-out/>
</testsuite> <!-- laundryhero.testcases.appShareLinks -->
