<?xml version="1.0" encoding="UTF-8"?>
<!-- Generated by org.testng.reporters.JUnitReportReporter -->
<testsuite hostname="DESKTOP-OFL8S08" failures="0" tests="3" name="laundryhero.testcases.AddRemoveAddress" time="71.498" errors="0" timestamp="2023-06-14T18:55:33 PKT" skipped="0">
  <testcase classname="laundryhero.testcases.AddRemoveAddress" name="DeleteConsumerAddress" time="19.313"/>
  <system-out/>
  <testcase classname="laundryhero.testcases.AddRemoveAddress" name="ViewConsumerAddress" time="15.732"/>
  <system-out/>
  <testcase classname="laundryhero.testcases.AddRemoveAddress" name="AddConsumerAddress" time="36.453"/>
  <system-out/>
</testsuite> <!-- laundryhero.testcases.AddRemoveAddress -->
