<?xml version="1.0" encoding="UTF-8"?>
<!-- Generated by org.testng.reporters.JUnitReportReporter -->
<testsuite hostname="DESKTOP-OFL8S08" failures="0" tests="1" name="laundryhero.consumerTestcases.AddRemoveAddress" time="51.172" errors="0" timestamp="2023-07-01T21:57:56 PKT" skipped="0">
  <testcase classname="laundryhero.consumerTestcases.AddRemoveAddress" name="updateHeroAddress" time="51.172"/>
  <system-out/>
</testsuite> <!-- laundryhero.consumerTestcases.AddRemoveAddress -->
