<?xml version="1.0" encoding="UTF-8"?>
<!-- Generated by org.testng.reporters.JUnitReportReporter -->
<testsuite hostname="DESKTOP-OFL8S08" failures="0" tests="1" name="laundryhero.consumerTestcases.HeroAccount" time="69.531" errors="0" timestamp="2023-07-02T15:02:08 PKT" skipped="0">
  <testcase classname="laundryhero.consumerTestcases.HeroAccount" name="heroSwitchToConsumer" time="69.531"/>
  <system-out/>
</testsuite> <!-- laundryhero.consumerTestcases.HeroAccount -->
