<?xml version="1.0" encoding="UTF-8"?>
<!-- Generated by org.testng.reporters.JUnitReportReporter -->
<testsuite hostname="DESKTOP-OFL8S08" failures="0" tests="2" name="laundryhero.testcases.PlaceOrder" time="49.837" errors="0" timestamp="2023-06-14T18:55:33 PKT" skipped="0">
  <testcase classname="laundryhero.testcases.PlaceOrder" name="loginApplication" time="18.930"/>
  <system-out/>
  <testcase classname="laundryhero.testcases.PlaceOrder" name="placeNewOrder" time="30.907"/>
  <system-out/>
</testsuite> <!-- laundryhero.testcases.PlaceOrder -->
