<?xml version="1.0" encoding="UTF-8"?>
<!-- Generated by org.testng.reporters.JUnitReportReporter -->
<testsuite hostname="DESKTOP-OFL8S08" failures="0" tests="1" name="laundryhero.testcases.UpdateConsumerPreferences" time="73.229" errors="0" timestamp="2023-06-14T18:55:33 PKT" skipped="0">
  <testcase classname="laundryhero.testcases.UpdateConsumerPreferences" name="updateConsumerPreferences" time="73.229"/>
  <system-out/>
</testsuite> <!-- laundryhero.testcases.UpdateConsumerPreferences -->
