<?xml version="1.0" encoding="UTF-8"?>
<!-- Generated by org.testng.reporters.JUnitReportReporter -->
<testsuite hostname="DESKTOP-OFL8S08" failures="0" tests="3" name="laundryhero.testcases.ConsumerPaymentMethods" time="76.609" errors="0" timestamp="2023-06-14T18:55:33 PKT" skipped="0">
  <testcase classname="laundryhero.testcases.ConsumerPaymentMethods" name="makePaymentMethodDefault" time="20.621"/>
  <system-out/>
  <testcase classname="laundryhero.testcases.ConsumerPaymentMethods" name="deletePaymentMethod" time="25.282"/>
  <system-out/>
  <testcase classname="laundryhero.testcases.ConsumerPaymentMethods" name="addConsumerPaymentMethod" time="30.706"/>
  <system-out/>
</testsuite> <!-- laundryhero.testcases.ConsumerPaymentMethods -->
